[debug] [2022-10-29T18:50:36.585Z] ----------------------------------------------------------------------
[debug] [2022-10-29T18:50:36.587Z] Command:       C:\Program Files\nodejs\node.exe C:\Users\alqua\AppData\Roaming\npm\node_modules\firebase-tools\lib\bin\firebase.js init
[debug] [2022-10-29T18:50:36.587Z] CLI Version:   11.15.0
[debug] [2022-10-29T18:50:36.587Z] Platform:      win32
[debug] [2022-10-29T18:50:36.587Z] Node Version:  v18.1.0
[debug] [2022-10-29T18:50:36.588Z] Time:          Sat Oct 29 2022 19:50:36 GMT+0100 (British Summer Time)
[debug] [2022-10-29T18:50:36.588Z] ----------------------------------------------------------------------
[debug] 
[debug] [2022-10-29T18:50:36.596Z] > command requires scopes: ["email","openid","https://www.googleapis.com/auth/cloudplatformprojects.readonly","https://www.googleapis.com/auth/firebase","https://www.googleapis.com/auth/cloud-platform"]
[debug] [2022-10-29T18:50:36.596Z] > authorizing via signed-in user (a17matte@gmail.com)
[info] 
     ######## #### ########  ######## ########     ###     ######  ########
     ##        ##  ##     ## ##       ##     ##  ##   ##  ##       ##
     ######    ##  ########  ######   ########  #########  ######  ######
     ##        ##  ##    ##  ##       ##     ## ##     ##       ## ##
     ##       #### ##     ## ######## ########  ##     ##  ######  ########

You're about to initialize a Firebase project in this directory:

  C:\Users\alqua\Documents\Desktop\mattesowah\mattesowah

[info] 
=== Account Setup
[info] 
[info] Which account do you want to use for this project? Choose an account or add a new one now
[info] 
[debug] [2022-10-29T18:51:09.817Z] setProjectAccount(C:\Users\alqua\Documents\Desktop\mattesowah\mattesowah, a17labs@gmail.com)
[info] 
[info] +  Using account: a17labs@gmail.com 
[info] 
=== Project Setup
[info] 
[info] First, let's associate this project directory with a Firebase project.
[info] You can create multiple project aliases by running firebase use --add, 
[info] but for now we'll just set up a default project.
[info] 
[debug] [2022-10-29T18:51:13.753Z] > refreshing access token with scopes: []
[debug] [2022-10-29T18:51:13.755Z] >>> [apiv2][query] POST https://www.googleapis.com/oauth2/v3/token [none]
[debug] [2022-10-29T18:51:13.755Z] >>> [apiv2][body] POST https://www.googleapis.com/oauth2/v3/token [omitted]
[debug] [2022-10-29T18:51:13.917Z] <<< [apiv2][status] POST https://www.googleapis.com/oauth2/v3/token 200
[debug] [2022-10-29T18:51:13.917Z] <<< [apiv2][body] POST https://www.googleapis.com/oauth2/v3/token [omitted]
[debug] [2022-10-29T18:51:13.924Z] >>> [apiv2][query] GET https://firebase.googleapis.com/v1beta1/projects pageSize=100
[debug] [2022-10-29T18:51:14.375Z] <<< [apiv2][status] GET https://firebase.googleapis.com/v1beta1/projects 200
[debug] [2022-10-29T18:51:14.375Z] <<< [apiv2][body] GET https://firebase.googleapis.com/v1beta1/projects [omitted]
[info] i  Using project mattesowah (mattesowah) 
[info] 
=== Hosting Setup
[info] 
[info] Your public directory is the folder (relative to your project directory) that
[info] will contain Hosting assets to be uploaded with firebase deploy. If you
[info] have a build process for your assets, use your build's output directory.
[info] 
[debug] [2022-10-29T18:54:05.267Z] >>> [apiv2][query] GET https://www.gstatic.com/firebasejs/releases.json [none]
[debug] [2022-10-29T18:54:05.330Z] <<< [apiv2][status] GET https://www.gstatic.com/firebasejs/releases.json 200
[debug] [2022-10-29T18:54:05.330Z] <<< [apiv2][body] GET https://www.gstatic.com/firebasejs/releases.json {"current":{"version":"9.13.0","browserURL":"https://www.gstatic.com/firebasejs/9.13.0/firebase.js","packageURL":"https://www.gstatic.com/firebasejs/9.13.0/firebase.tgz"},"live":{"version":"9.13","browserURL":"https://www.gstatic.com/firebasejs/live/9.13/firebase.js","packageURL":"https://www.gstatic.com/firebasejs/live/9.13/firebase.tgz"},"components":{"analytics":"https://www.gstatic.com/firebasejs/9.13.0/firebase-analytics.js","app":"https://www.gstatic.com/firebasejs/9.13.0/firebase-app.js","app-check":"https://www.gstatic.com/firebasejs/9.13.0/firebase-app-check.js","auth":"https://www.gstatic.com/firebasejs/9.13.0/firebase-auth.js","auth/cordova":"https://www.gstatic.com/firebasejs/9.13.0/firebase-auth/cordova.js","auth/react-native":"https://www.gstatic.com/firebasejs/9.13.0/firebase-auth/react-native.js","functions":"https://www.gstatic.com/firebasejs/9.13.0/firebase-functions.js","firestore":"https://www.gstatic.com/firebasejs/9.13.0/firebase-firestore.js","firestore/lite":"https://www.gstatic.com/firebasejs/9.13.0/firebase-firestore/lite.js","installations":"https://www.gstatic.com/firebasejs/9.13.0/firebase-installations.js","storage":"https://www.gstatic.com/firebasejs/9.13.0/firebase-storage.js","performance":"https://www.gstatic.com/firebasejs/9.13.0/firebase-performance.js","remote-config":"https://www.gstatic.com/firebasejs/9.13.0/firebase-remote-config.js","messaging":"https://www.gstatic.com/firebasejs/9.13.0/firebase-messaging.js","messaging/sw":"https://www.gstatic.com/firebasejs/9.13.0/firebase-messaging/sw.js","database":"https://www.gstatic.com/firebasejs/9.13.0/firebase-database.js","firestore.memory":"https://www.gstatic.com/firebasejs/9.13.0/firebase-firestore.memory.js"}}
[info] +  Wrote public/index.html 
[info] 
[info] i  Detected a .git folder at C:\Users\alqua\Documents\Desktop\mattesowah\mattesowah 
[info] i  Authorizing with GitHub to upload your service account to a GitHub repository's secrets store. 
[info] 
[info] Visit this URL on this device to log in:
[info] https://github.com/login/oauth/authorize?client_id=89cf50f02ac6aaed3484&state=940046997&redirect_uri=http%3A%2F%2Flocalhost%3A9005&scope=read%3Auser%20repo%20public_repo
[info] 
[info] Waiting for authentication...
[debug] [2022-10-29T18:54:48.878Z] >>> [apiv2][query] POST https://github.com/login/oauth/access_token [none]
[debug] [2022-10-29T18:54:48.878Z] >>> [apiv2][body] POST https://github.com/login/oauth/access_token [stream]
[debug] [2022-10-29T18:54:49.152Z] <<< [apiv2][status] POST https://github.com/login/oauth/access_token 200
[debug] [2022-10-29T18:54:49.152Z] <<< [apiv2][body] POST https://github.com/login/oauth/access_token {"access_token":"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","token_type":"bearer","scope":"read:user,repo"}
[debug] [2022-10-29T18:54:49.155Z] >>> [apiv2][query] GET https://api.github.com/user [none]
[debug] [2022-10-29T18:54:49.436Z] <<< [apiv2][status] GET https://api.github.com/user 200
[debug] [2022-10-29T18:54:49.436Z] <<< [apiv2][body] GET https://api.github.com/user {"login":"mattesowah","id":79963413,"node_id":"MDQ6VXNlcjc5OTYzNDEz","avatar_url":"https://avatars.githubusercontent.com/u/79963413?v=4","gravatar_id":"","url":"https://api.github.com/users/mattesowah","html_url":"https://github.com/mattesowah","followers_url":"https://api.github.com/users/mattesowah/followers","following_url":"https://api.github.com/users/mattesowah/following{/other_user}","gists_url":"https://api.github.com/users/mattesowah/gists{/gist_id}","starred_url":"https://api.github.com/users/mattesowah/starred{/owner}{/repo}","subscriptions_url":"https://api.github.com/users/mattesowah/subscriptions","organizations_url":"https://api.github.com/users/mattesowah/orgs","repos_url":"https://api.github.com/users/mattesowah/repos","events_url":"https://api.github.com/users/mattesowah/events{/privacy}","received_events_url":"https://api.github.com/users/mattesowah/received_events","type":"User","site_admin":false,"name":"Matte Sowah Quarshie","company":"a17labs","blog":"mattesowah.com","location":"London","email":null,"hireable":null,"bio":"Software Engineer│ React, React-Native, Redux, Node.js, MongoDB, AWS, PostgreSQL, Firebase ","twitter_username":"mattesowah","public_repos":13,"public_gists":0,"followers":4,"following":6,"created_at":"2021-03-03T06:48:10Z","updated_at":"2022-10-27T01:11:15Z","private_gists":0,"total_private_repos":2,"owned_private_repos":2,"disk_usage":280251,"collaborators":0,"two_factor_authentication":false,"plan":{"name":"free","space":976562499,"collaborators":0,"private_repos":10000}}
[info] 
[info] +  Success! Logged into GitHub as mattesowah 
[info] 
